Performing C SOURCE FILE Test CMAKE_HAVE_LIBC_PTHREAD failed with the following output:
Change Dir: /root/webpack-mdns/CMakeFiles/CMakeTmp

Run Build Command(s):/usr/bin/make cmTC_1e42a/fast && /usr/bin/make -f CMakeFiles/cmTC_1e42a.dir/build.make CMakeFiles/cmTC_1e42a.dir/build
make[1]: Entering directory '/root/webpack-mdns/CMakeFiles/CMakeTmp'
Building C object CMakeFiles/cmTC_1e42a.dir/src.c.o
/usr/bin/cc   -DCMAKE_HAVE_LIBC_PTHREAD   -o CMakeFiles/cmTC_1e42a.dir/src.c.o   -c /root/webpack-mdns/CMakeFiles/CMakeTmp/src.c
Linking C executable cmTC_1e42a
/usr/bin/cmake -E cmake_link_script CMakeFiles/cmTC_1e42a.dir/link.txt --verbose=1
/usr/bin/cc  -DCMAKE_HAVE_LIBC_PTHREAD    CMakeFiles/cmTC_1e42a.dir/src.c.o  -o cmTC_1e42a 
/usr/bin/ld: CMakeFiles/cmTC_1e42a.dir/src.c.o: in function `main':
src.c:(.text+0x46): undefined reference to `pthread_create'
/usr/bin/ld: src.c:(.text+0x52): undefined reference to `pthread_detach'
/usr/bin/ld: src.c:(.text+0x63): undefined reference to `pthread_join'
collect2: error: ld returned 1 exit status
make[1]: *** [CMakeFiles/cmTC_1e42a.dir/build.make:87: cmTC_1e42a] Error 1
make[1]: Leaving directory '/root/webpack-mdns/CMakeFiles/CMakeTmp'
make: *** [Makefile:121: cmTC_1e42a/fast] Error 2


Source file was:
#include <pthread.h>

void* test_func(void* data)
{
  return data;
}

int main(void)
{
  pthread_t thread;
  pthread_create(&thread, NULL, test_func, NULL);
  pthread_detach(thread);
  pthread_join(thread, NULL);
  pthread_atfork(NULL, NULL, NULL);
  pthread_exit(NULL);

  return 0;
}

Determining if the function pthread_create exists in the pthreads failed with the following output:
Change Dir: /root/webpack-mdns/CMakeFiles/CMakeTmp

Run Build Command(s):/usr/bin/make cmTC_fa501/fast && /usr/bin/make -f CMakeFiles/cmTC_fa501.dir/build.make CMakeFiles/cmTC_fa501.dir/build
make[1]: Entering directory '/root/webpack-mdns/CMakeFiles/CMakeTmp'
Building C object CMakeFiles/cmTC_fa501.dir/CheckFunctionExists.c.o
/usr/bin/cc   -DCHECK_FUNCTION_EXISTS=pthread_create   -o CMakeFiles/cmTC_fa501.dir/CheckFunctionExists.c.o   -c /usr/share/cmake-3.16/Modules/CheckFunctionExists.c
Linking C executable cmTC_fa501
/usr/bin/cmake -E cmake_link_script CMakeFiles/cmTC_fa501.dir/link.txt --verbose=1
/usr/bin/cc  -DCHECK_FUNCTION_EXISTS=pthread_create    CMakeFiles/cmTC_fa501.dir/CheckFunctionExists.c.o  -o cmTC_fa501  -lpthreads 
/usr/bin/ld: cannot find -lpthreads
collect2: error: ld returned 1 exit status
make[1]: *** [CMakeFiles/cmTC_fa501.dir/build.make:87: cmTC_fa501] Error 1
make[1]: Leaving directory '/root/webpack-mdns/CMakeFiles/CMakeTmp'
make: *** [Makefile:121: cmTC_fa501/fast] Error 2



Determining if the function res_servicename exists in the resolv failed with the following output:
Change Dir: /root/webpack-mdns/CMakeFiles/CMakeTmp

Run Build Command(s):/usr/bin/make cmTC_36898/fast && make[1]: Entering directory '/root/webpack-mdns/CMakeFiles/CMakeTmp'
/usr/bin/make -f CMakeFiles/cmTC_36898.dir/build.make CMakeFiles/cmTC_36898.dir/build
make[2]: Entering directory '/root/webpack-mdns/CMakeFiles/CMakeTmp'
Building C object CMakeFiles/cmTC_36898.dir/CheckFunctionExists.c.o
/usr/bin/cc   -DCHECK_FUNCTION_EXISTS=res_servicename -fPIE   -o CMakeFiles/cmTC_36898.dir/CheckFunctionExists.c.o   -c /usr/share/cmake-3.16/Modules/CheckFunctionExists.c
Linking C executable cmTC_36898
/usr/bin/cmake -E cmake_link_script CMakeFiles/cmTC_36898.dir/link.txt --verbose=1
/usr/bin/cc   -DCHECK_FUNCTION_EXISTS=res_servicename    CMakeFiles/cmTC_36898.dir/CheckFunctionExists.c.o  -o cmTC_36898  -lresolv 
/usr/bin/ld: CMakeFiles/cmTC_36898.dir/CheckFunctionExists.c.o: in function `main':
CheckFunctionExists.c:(.text+0x14): undefined reference to `res_servicename'
collect2: error: ld returned 1 exit status
make[2]: *** [CMakeFiles/cmTC_36898.dir/build.make:87: cmTC_36898] Error 1
make[2]: Leaving directory '/root/webpack-mdns/CMakeFiles/CMakeTmp'
make[1]: *** [Makefile:121: cmTC_36898/fast] Error 2
make[1]: Leaving directory '/root/webpack-mdns/CMakeFiles/CMakeTmp'



Determining if the function gethostbyname exists in the socket failed with the following output:
Change Dir: /root/webpack-mdns/CMakeFiles/CMakeTmp

Run Build Command(s):/usr/bin/make cmTC_3615e/fast && make[1]: Entering directory '/root/webpack-mdns/CMakeFiles/CMakeTmp'
/usr/bin/make -f CMakeFiles/cmTC_3615e.dir/build.make CMakeFiles/cmTC_3615e.dir/build
make[2]: Entering directory '/root/webpack-mdns/CMakeFiles/CMakeTmp'
Building C object CMakeFiles/cmTC_3615e.dir/CheckFunctionExists.c.o
/usr/bin/cc   -DCHECK_FUNCTION_EXISTS=gethostbyname -fPIE   -o CMakeFiles/cmTC_3615e.dir/CheckFunctionExists.c.o   -c /usr/share/cmake-3.16/Modules/CheckFunctionExists.c
Linking C executable cmTC_3615e
/usr/bin/cmake -E cmake_link_script CMakeFiles/cmTC_3615e.dir/link.txt --verbose=1
/usr/bin/cc   -DCHECK_FUNCTION_EXISTS=gethostbyname    CMakeFiles/cmTC_3615e.dir/CheckFunctionExists.c.o  -o cmTC_3615e  -lsocket 
/usr/bin/ld: cannot find -lsocket
collect2: error: ld returned 1 exit status
make[2]: *** [CMakeFiles/cmTC_3615e.dir/build.make:87: cmTC_3615e] Error 1
make[2]: Leaving directory '/root/webpack-mdns/CMakeFiles/CMakeTmp'
make[1]: *** [Makefile:121: cmTC_3615e/fast] Error 2
make[1]: Leaving directory '/root/webpack-mdns/CMakeFiles/CMakeTmp'



Determining if the function socket exists in the socket failed with the following output:
Change Dir: /root/webpack-mdns/CMakeFiles/CMakeTmp

Run Build Command(s):/usr/bin/make cmTC_699fd/fast && make[1]: Entering directory '/root/webpack-mdns/CMakeFiles/CMakeTmp'
/usr/bin/make -f CMakeFiles/cmTC_699fd.dir/build.make CMakeFiles/cmTC_699fd.dir/build
make[2]: Entering directory '/root/webpack-mdns/CMakeFiles/CMakeTmp'
Building C object CMakeFiles/cmTC_699fd.dir/CheckFunctionExists.c.o
/usr/bin/cc   -DCHECK_FUNCTION_EXISTS=socket -fPIE   -o CMakeFiles/cmTC_699fd.dir/CheckFunctionExists.c.o   -c /usr/share/cmake-3.16/Modules/CheckFunctionExists.c
Linking C executable cmTC_699fd
/usr/bin/cmake -E cmake_link_script CMakeFiles/cmTC_699fd.dir/link.txt --verbose=1
/usr/bin/cc   -DCHECK_FUNCTION_EXISTS=socket    CMakeFiles/cmTC_699fd.dir/CheckFunctionExists.c.o  -o cmTC_699fd  -lsocket 
/usr/bin/ld: cannot find -lsocket
collect2: error: ld returned 1 exit status
make[2]: *** [CMakeFiles/cmTC_699fd.dir/build.make:87: cmTC_699fd] Error 1
make[2]: Leaving directory '/root/webpack-mdns/CMakeFiles/CMakeTmp'
make[1]: *** [Makefile:121: cmTC_699fd/fast] Error 2
make[1]: Leaving directory '/root/webpack-mdns/CMakeFiles/CMakeTmp'



Determining if files socket.h exist failed with the following output:
Change Dir: /root/webpack-mdns/CMakeFiles/CMakeTmp

Run Build Command(s):/usr/bin/make cmTC_e3a63/fast && make[1]: Entering directory '/root/webpack-mdns/CMakeFiles/CMakeTmp'
/usr/bin/make -f CMakeFiles/cmTC_e3a63.dir/build.make CMakeFiles/cmTC_e3a63.dir/build
make[2]: Entering directory '/root/webpack-mdns/CMakeFiles/CMakeTmp'
Building C object CMakeFiles/cmTC_e3a63.dir/HAVE_SOCKET_H.c.o
/usr/bin/cc   -fPIE   -o CMakeFiles/cmTC_e3a63.dir/HAVE_SOCKET_H.c.o   -c /root/webpack-mdns/CMakeFiles/CheckIncludeFiles/HAVE_SOCKET_H.c
/root/webpack-mdns/CMakeFiles/CheckIncludeFiles/HAVE_SOCKET_H.c:2:10: fatal error: socket.h: No such file or directory
    2 | #include <socket.h>
      |          ^~~~~~~~~~
compilation terminated.
make[2]: *** [CMakeFiles/cmTC_e3a63.dir/build.make:66: CMakeFiles/cmTC_e3a63.dir/HAVE_SOCKET_H.c.o] Error 1
make[2]: Leaving directory '/root/webpack-mdns/CMakeFiles/CMakeTmp'
make[1]: *** [Makefile:121: cmTC_e3a63/fast] Error 2
make[1]: Leaving directory '/root/webpack-mdns/CMakeFiles/CMakeTmp'


Source:
/* */
#include <socket.h>


int main(void){return 0;}

Determining if files stropts.h exist failed with the following output:
Change Dir: /root/webpack-mdns/CMakeFiles/CMakeTmp

Run Build Command(s):/usr/bin/make cmTC_64872/fast && make[1]: Entering directory '/root/webpack-mdns/CMakeFiles/CMakeTmp'
/usr/bin/make -f CMakeFiles/cmTC_64872.dir/build.make CMakeFiles/cmTC_64872.dir/build
make[2]: Entering directory '/root/webpack-mdns/CMakeFiles/CMakeTmp'
Building C object CMakeFiles/cmTC_64872.dir/HAVE_STROPTS_H.c.o
/usr/bin/cc   -fPIE   -o CMakeFiles/cmTC_64872.dir/HAVE_STROPTS_H.c.o   -c /root/webpack-mdns/CMakeFiles/CheckIncludeFiles/HAVE_STROPTS_H.c
/root/webpack-mdns/CMakeFiles/CheckIncludeFiles/HAVE_STROPTS_H.c:2:10: fatal error: stropts.h: No such file or directory
    2 | #include <stropts.h>
      |          ^~~~~~~~~~~
compilation terminated.
make[2]: *** [CMakeFiles/cmTC_64872.dir/build.make:66: CMakeFiles/cmTC_64872.dir/HAVE_STROPTS_H.c.o] Error 1
make[2]: Leaving directory '/root/webpack-mdns/CMakeFiles/CMakeTmp'
make[1]: *** [Makefile:121: cmTC_64872/fast] Error 2
make[1]: Leaving directory '/root/webpack-mdns/CMakeFiles/CMakeTmp'


Source:
/* */
#include <stropts.h>


int main(void){return 0;}

Determining if files winsock2.h;windows.h exist failed with the following output:
Change Dir: /root/webpack-mdns/CMakeFiles/CMakeTmp

Run Build Command(s):/usr/bin/make cmTC_78cb7/fast && make[1]: Entering directory '/root/webpack-mdns/CMakeFiles/CMakeTmp'
/usr/bin/make -f CMakeFiles/cmTC_78cb7.dir/build.make CMakeFiles/cmTC_78cb7.dir/build
make[2]: Entering directory '/root/webpack-mdns/CMakeFiles/CMakeTmp'
Building C object CMakeFiles/cmTC_78cb7.dir/HAVE_WINSOCK2_H.c.o
/usr/bin/cc   -fPIE   -o CMakeFiles/cmTC_78cb7.dir/HAVE_WINSOCK2_H.c.o   -c /root/webpack-mdns/CMakeFiles/CheckIncludeFiles/HAVE_WINSOCK2_H.c
/root/webpack-mdns/CMakeFiles/CheckIncludeFiles/HAVE_WINSOCK2_H.c:2:10: fatal error: winsock2.h: No such file or directory
    2 | #include <winsock2.h>
      |          ^~~~~~~~~~~~
compilation terminated.
make[2]: *** [CMakeFiles/cmTC_78cb7.dir/build.make:66: CMakeFiles/cmTC_78cb7.dir/HAVE_WINSOCK2_H.c.o] Error 1
make[2]: Leaving directory '/root/webpack-mdns/CMakeFiles/CMakeTmp'
make[1]: *** [Makefile:121: cmTC_78cb7/fast] Error 2
make[1]: Leaving directory '/root/webpack-mdns/CMakeFiles/CMakeTmp'


Source:
/* */
#include <winsock2.h>
#include <windows.h>


int main(void){return 0;}

Determining if files winsock2.h;ws2tcpip.h;windows.h exist failed with the following output:
Change Dir: /root/webpack-mdns/CMakeFiles/CMakeTmp

Run Build Command(s):/usr/bin/make cmTC_3d7dd/fast && make[1]: Entering directory '/root/webpack-mdns/CMakeFiles/CMakeTmp'
/usr/bin/make -f CMakeFiles/cmTC_3d7dd.dir/build.make CMakeFiles/cmTC_3d7dd.dir/build
make[2]: Entering directory '/root/webpack-mdns/CMakeFiles/CMakeTmp'
Building C object CMakeFiles/cmTC_3d7dd.dir/HAVE_WS2TCPIP_H.c.o
/usr/bin/cc   -fPIE   -o CMakeFiles/cmTC_3d7dd.dir/HAVE_WS2TCPIP_H.c.o   -c /root/webpack-mdns/CMakeFiles/CheckIncludeFiles/HAVE_WS2TCPIP_H.c
/root/webpack-mdns/CMakeFiles/CheckIncludeFiles/HAVE_WS2TCPIP_H.c:2:10: fatal error: winsock2.h: No such file or directory
    2 | #include <winsock2.h>
      |          ^~~~~~~~~~~~
compilation terminated.
make[2]: *** [CMakeFiles/cmTC_3d7dd.dir/build.make:66: CMakeFiles/cmTC_3d7dd.dir/HAVE_WS2TCPIP_H.c.o] Error 1
make[2]: Leaving directory '/root/webpack-mdns/CMakeFiles/CMakeTmp'
make[1]: *** [Makefile:121: cmTC_3d7dd/fast] Error 2
make[1]: Leaving directory '/root/webpack-mdns/CMakeFiles/CMakeTmp'


Source:
/* */
#include <winsock2.h>
#include <ws2tcpip.h>
#include <windows.h>


int main(void){return 0;}

Determining if files winsock.h;windows.h exist failed with the following output:
Change Dir: /root/webpack-mdns/CMakeFiles/CMakeTmp

Run Build Command(s):/usr/bin/make cmTC_92d88/fast && make[1]: Entering directory '/root/webpack-mdns/CMakeFiles/CMakeTmp'
/usr/bin/make -f CMakeFiles/cmTC_92d88.dir/build.make CMakeFiles/cmTC_92d88.dir/build
make[2]: Entering directory '/root/webpack-mdns/CMakeFiles/CMakeTmp'
Building C object CMakeFiles/cmTC_92d88.dir/HAVE_WINSOCK_H.c.o
/usr/bin/cc   -fPIE   -o CMakeFiles/cmTC_92d88.dir/HAVE_WINSOCK_H.c.o   -c /root/webpack-mdns/CMakeFiles/CheckIncludeFiles/HAVE_WINSOCK_H.c
/root/webpack-mdns/CMakeFiles/CheckIncludeFiles/HAVE_WINSOCK_H.c:2:10: fatal error: winsock.h: No such file or directory
    2 | #include <winsock.h>
      |          ^~~~~~~~~~~
compilation terminated.
make[2]: *** [CMakeFiles/cmTC_92d88.dir/build.make:66: CMakeFiles/cmTC_92d88.dir/HAVE_WINSOCK_H.c.o] Error 1
make[2]: Leaving directory '/root/webpack-mdns/CMakeFiles/CMakeTmp'
make[1]: *** [Makefile:121: cmTC_92d88/fast] Error 2
make[1]: Leaving directory '/root/webpack-mdns/CMakeFiles/CMakeTmp'


Source:
/* */
#include <winsock.h>
#include <windows.h>


int main(void){return 0;}

Determining if files windows.h exist failed with the following output:
Change Dir: /root/webpack-mdns/CMakeFiles/CMakeTmp

Run Build Command(s):/usr/bin/make cmTC_fb198/fast && make[1]: Entering directory '/root/webpack-mdns/CMakeFiles/CMakeTmp'
/usr/bin/make -f CMakeFiles/cmTC_fb198.dir/build.make CMakeFiles/cmTC_fb198.dir/build
make[2]: Entering directory '/root/webpack-mdns/CMakeFiles/CMakeTmp'
Building C object CMakeFiles/cmTC_fb198.dir/HAVE_WINDOWS_H.c.o
/usr/bin/cc   -fPIE   -o CMakeFiles/cmTC_fb198.dir/HAVE_WINDOWS_H.c.o   -c /root/webpack-mdns/CMakeFiles/CheckIncludeFiles/HAVE_WINDOWS_H.c
/root/webpack-mdns/CMakeFiles/CheckIncludeFiles/HAVE_WINDOWS_H.c:2:10: fatal error: windows.h: No such file or directory
    2 | #include <windows.h>
      |          ^~~~~~~~~~~
compilation terminated.
make[2]: *** [CMakeFiles/cmTC_fb198.dir/build.make:66: CMakeFiles/cmTC_fb198.dir/HAVE_WINDOWS_H.c.o] Error 1
make[2]: Leaving directory '/root/webpack-mdns/CMakeFiles/CMakeTmp'
make[1]: *** [Makefile:121: cmTC_fb198/fast] Error 2
make[1]: Leaving directory '/root/webpack-mdns/CMakeFiles/CMakeTmp'


Source:
/* */
#include <windows.h>


int main(void){return 0;}

Performing C SOURCE FILE Test HAVE_TYPE_SOCKET failed with the following output:
Change Dir: /root/webpack-mdns/CMakeFiles/CMakeTmp

Run Build Command(s):/usr/bin/make cmTC_608c5/fast && make[1]: Entering directory '/root/webpack-mdns/CMakeFiles/CMakeTmp'
/usr/bin/make -f CMakeFiles/cmTC_608c5.dir/build.make CMakeFiles/cmTC_608c5.dir/build
make[2]: Entering directory '/root/webpack-mdns/CMakeFiles/CMakeTmp'
Building C object CMakeFiles/cmTC_608c5.dir/src.c.o
/usr/bin/cc -D_GNU_SOURCE -D_POSIX_C_SOURCE=199309L -D_XOPEN_SOURCE=600  -DHAVE_TYPE_SOCKET -fPIE   -o CMakeFiles/cmTC_608c5.dir/src.c.o   -c /root/webpack-mdns/CMakeFiles/CMakeTmp/src.c
/root/webpack-mdns/CMakeFiles/CMakeTmp/src.c: In function 'main':
/root/webpack-mdns/CMakeFiles/CMakeTmp/src.c:26:4: error: unknown type name 'SOCKET'
   26 |    SOCKET var_exists;
      |    ^~~~~~
make[2]: *** [CMakeFiles/cmTC_608c5.dir/build.make:66: CMakeFiles/cmTC_608c5.dir/src.c.o] Error 1
make[2]: Leaving directory '/root/webpack-mdns/CMakeFiles/CMakeTmp'
make[1]: *** [Makefile:121: cmTC_608c5/fast] Error 2
make[1]: Leaving directory '/root/webpack-mdns/CMakeFiles/CMakeTmp'


Source file was:

		#include <stdio.h>
		#include <stdlib.h>
	
		#include <stdbool.h>
		#include <sys/types.h>
		#include <arpa/inet.h>
		#include <arpa/nameser.h>
		#include <netdb.h>
		#include <net/if.h>
		#include <netinet/in.h>
		#include <netinet/tcp.h>
		#include <signal.h>
		#include <stdlib.h>
		#include <string.h>
		#include <strings.h>
		#include <sys/ioctl.h>
		#include <sys/select.h>
		#include <sys/socket.h>
		#include <sys/time.h>
		#include <sys/uio.h>
		#include <time.h>
		#include <fcntl.h>
		#include <unistd.h>
		int main() {
			SOCKET var_exists;
			(void)var_exists;
			return 0;
		}
	
Determining if the SO_NONBLOCK exist failed with the following output:
Change Dir: /root/webpack-mdns/CMakeFiles/CMakeTmp

Run Build Command(s):/usr/bin/make cmTC_6e134/fast && make[1]: Entering directory '/root/webpack-mdns/CMakeFiles/CMakeTmp'
/usr/bin/make -f CMakeFiles/cmTC_6e134.dir/build.make CMakeFiles/cmTC_6e134.dir/build
make[2]: Entering directory '/root/webpack-mdns/CMakeFiles/CMakeTmp'
Building C object CMakeFiles/cmTC_6e134.dir/CheckSymbolExists.c.o
/usr/bin/cc -D_GNU_SOURCE -D_POSIX_C_SOURCE=199309L -D_XOPEN_SOURCE=600  -fPIE   -o CMakeFiles/cmTC_6e134.dir/CheckSymbolExists.c.o   -c /root/webpack-mdns/CMakeFiles/CMakeTmp/CheckSymbolExists.c
/root/webpack-mdns/CMakeFiles/CMakeTmp/CheckSymbolExists.c: In function 'main':
/root/webpack-mdns/CMakeFiles/CMakeTmp/CheckSymbolExists.c:27:19: error: 'SO_NONBLOCK' undeclared (first use in this function); did you mean 'O_NONBLOCK'?
   27 |   return ((int*)(&SO_NONBLOCK))[argc];
      |                   ^~~~~~~~~~~
      |                   O_NONBLOCK
/root/webpack-mdns/CMakeFiles/CMakeTmp/CheckSymbolExists.c:27:19: note: each undeclared identifier is reported only once for each function it appears in
make[2]: *** [CMakeFiles/cmTC_6e134.dir/build.make:66: CMakeFiles/cmTC_6e134.dir/CheckSymbolExists.c.o] Error 1
make[2]: Leaving directory '/root/webpack-mdns/CMakeFiles/CMakeTmp'
make[1]: *** [Makefile:121: cmTC_6e134/fast] Error 2
make[1]: Leaving directory '/root/webpack-mdns/CMakeFiles/CMakeTmp'


File /root/webpack-mdns/CMakeFiles/CMakeTmp/CheckSymbolExists.c:
/* */
#include <stdbool.h>
#include <sys/types.h>
#include <arpa/inet.h>
#include <arpa/nameser.h>
#include <netdb.h>
#include <net/if.h>
#include <netinet/in.h>
#include <netinet/tcp.h>
#include <signal.h>
#include <stdlib.h>
#include <string.h>
#include <strings.h>
#include <sys/ioctl.h>
#include <sys/select.h>
#include <sys/socket.h>
#include <sys/time.h>
#include <sys/uio.h>
#include <time.h>
#include <fcntl.h>
#include <unistd.h>

int main(int argc, char** argv)
{
  (void)argv;
#ifndef SO_NONBLOCK
  return ((int*)(&SO_NONBLOCK))[argc];
#else
  (void)argc;
  return 0;
#endif
}
Determining if the bitncmp exist failed with the following output:
Change Dir: /root/webpack-mdns/CMakeFiles/CMakeTmp

Run Build Command(s):/usr/bin/make cmTC_1d074/fast && make[1]: Entering directory '/root/webpack-mdns/CMakeFiles/CMakeTmp'
/usr/bin/make -f CMakeFiles/cmTC_1d074.dir/build.make CMakeFiles/cmTC_1d074.dir/build
make[2]: Entering directory '/root/webpack-mdns/CMakeFiles/CMakeTmp'
Building C object CMakeFiles/cmTC_1d074.dir/CheckSymbolExists.c.o
/usr/bin/cc -D_GNU_SOURCE -D_POSIX_C_SOURCE=199309L -D_XOPEN_SOURCE=600  -fPIE   -o CMakeFiles/cmTC_1d074.dir/CheckSymbolExists.c.o   -c /root/webpack-mdns/CMakeFiles/CMakeTmp/CheckSymbolExists.c
/root/webpack-mdns/CMakeFiles/CMakeTmp/CheckSymbolExists.c: In function 'main':
/root/webpack-mdns/CMakeFiles/CMakeTmp/CheckSymbolExists.c:27:19: error: 'bitncmp' undeclared (first use in this function); did you mean 'bcmp'?
   27 |   return ((int*)(&bitncmp))[argc];
      |                   ^~~~~~~
      |                   bcmp
/root/webpack-mdns/CMakeFiles/CMakeTmp/CheckSymbolExists.c:27:19: note: each undeclared identifier is reported only once for each function it appears in
make[2]: *** [CMakeFiles/cmTC_1d074.dir/build.make:66: CMakeFiles/cmTC_1d074.dir/CheckSymbolExists.c.o] Error 1
make[2]: Leaving directory '/root/webpack-mdns/CMakeFiles/CMakeTmp'
make[1]: *** [Makefile:121: cmTC_1d074/fast] Error 2
make[1]: Leaving directory '/root/webpack-mdns/CMakeFiles/CMakeTmp'


File /root/webpack-mdns/CMakeFiles/CMakeTmp/CheckSymbolExists.c:
/* */
#include <stdbool.h>
#include <sys/types.h>
#include <arpa/inet.h>
#include <arpa/nameser.h>
#include <netdb.h>
#include <net/if.h>
#include <netinet/in.h>
#include <netinet/tcp.h>
#include <signal.h>
#include <stdlib.h>
#include <string.h>
#include <strings.h>
#include <sys/ioctl.h>
#include <sys/select.h>
#include <sys/socket.h>
#include <sys/time.h>
#include <sys/uio.h>
#include <time.h>
#include <fcntl.h>
#include <unistd.h>

int main(int argc, char** argv)
{
  (void)argv;
#ifndef bitncmp
  return ((int*)(&bitncmp))[argc];
#else
  (void)argc;
  return 0;
#endif
}
Determining if the closesocket exist failed with the following output:
Change Dir: /root/webpack-mdns/CMakeFiles/CMakeTmp

Run Build Command(s):/usr/bin/make cmTC_a1864/fast && make[1]: Entering directory '/root/webpack-mdns/CMakeFiles/CMakeTmp'
/usr/bin/make -f CMakeFiles/cmTC_a1864.dir/build.make CMakeFiles/cmTC_a1864.dir/build
make[2]: Entering directory '/root/webpack-mdns/CMakeFiles/CMakeTmp'
Building C object CMakeFiles/cmTC_a1864.dir/CheckSymbolExists.c.o
/usr/bin/cc -D_GNU_SOURCE -D_POSIX_C_SOURCE=199309L -D_XOPEN_SOURCE=600  -fPIE   -o CMakeFiles/cmTC_a1864.dir/CheckSymbolExists.c.o   -c /root/webpack-mdns/CMakeFiles/CMakeTmp/CheckSymbolExists.c
/root/webpack-mdns/CMakeFiles/CMakeTmp/CheckSymbolExists.c: In function 'main':
/root/webpack-mdns/CMakeFiles/CMakeTmp/CheckSymbolExists.c:27:19: error: 'closesocket' undeclared (first use in this function)
   27 |   return ((int*)(&closesocket))[argc];
      |                   ^~~~~~~~~~~
/root/webpack-mdns/CMakeFiles/CMakeTmp/CheckSymbolExists.c:27:19: note: each undeclared identifier is reported only once for each function it appears in
make[2]: *** [CMakeFiles/cmTC_a1864.dir/build.make:66: CMakeFiles/cmTC_a1864.dir/CheckSymbolExists.c.o] Error 1
make[2]: Leaving directory '/root/webpack-mdns/CMakeFiles/CMakeTmp'
make[1]: *** [Makefile:121: cmTC_a1864/fast] Error 2
make[1]: Leaving directory '/root/webpack-mdns/CMakeFiles/CMakeTmp'


File /root/webpack-mdns/CMakeFiles/CMakeTmp/CheckSymbolExists.c:
/* */
#include <stdbool.h>
#include <sys/types.h>
#include <arpa/inet.h>
#include <arpa/nameser.h>
#include <netdb.h>
#include <net/if.h>
#include <netinet/in.h>
#include <netinet/tcp.h>
#include <signal.h>
#include <stdlib.h>
#include <string.h>
#include <strings.h>
#include <sys/ioctl.h>
#include <sys/select.h>
#include <sys/socket.h>
#include <sys/time.h>
#include <sys/uio.h>
#include <time.h>
#include <fcntl.h>
#include <unistd.h>

int main(int argc, char** argv)
{
  (void)argv;
#ifndef closesocket
  return ((int*)(&closesocket))[argc];
#else
  (void)argc;
  return 0;
#endif
}
Determining if the CloseSocket exist failed with the following output:
Change Dir: /root/webpack-mdns/CMakeFiles/CMakeTmp

Run Build Command(s):/usr/bin/make cmTC_f152b/fast && make[1]: Entering directory '/root/webpack-mdns/CMakeFiles/CMakeTmp'
/usr/bin/make -f CMakeFiles/cmTC_f152b.dir/build.make CMakeFiles/cmTC_f152b.dir/build
make[2]: Entering directory '/root/webpack-mdns/CMakeFiles/CMakeTmp'
Building C object CMakeFiles/cmTC_f152b.dir/CheckSymbolExists.c.o
/usr/bin/cc -D_GNU_SOURCE -D_POSIX_C_SOURCE=199309L -D_XOPEN_SOURCE=600  -fPIE   -o CMakeFiles/cmTC_f152b.dir/CheckSymbolExists.c.o   -c /root/webpack-mdns/CMakeFiles/CMakeTmp/CheckSymbolExists.c
/root/webpack-mdns/CMakeFiles/CMakeTmp/CheckSymbolExists.c: In function 'main':
/root/webpack-mdns/CMakeFiles/CMakeTmp/CheckSymbolExists.c:27:19: error: 'CloseSocket' undeclared (first use in this function)
   27 |   return ((int*)(&CloseSocket))[argc];
      |                   ^~~~~~~~~~~
/root/webpack-mdns/CMakeFiles/CMakeTmp/CheckSymbolExists.c:27:19: note: each undeclared identifier is reported only once for each function it appears in
make[2]: *** [CMakeFiles/cmTC_f152b.dir/build.make:66: CMakeFiles/cmTC_f152b.dir/CheckSymbolExists.c.o] Error 1
make[2]: Leaving directory '/root/webpack-mdns/CMakeFiles/CMakeTmp'
make[1]: *** [Makefile:121: cmTC_f152b/fast] Error 2
make[1]: Leaving directory '/root/webpack-mdns/CMakeFiles/CMakeTmp'


File /root/webpack-mdns/CMakeFiles/CMakeTmp/CheckSymbolExists.c:
/* */
#include <stdbool.h>
#include <sys/types.h>
#include <arpa/inet.h>
#include <arpa/nameser.h>
#include <netdb.h>
#include <net/if.h>
#include <netinet/in.h>
#include <netinet/tcp.h>
#include <signal.h>
#include <stdlib.h>
#include <string.h>
#include <strings.h>
#include <sys/ioctl.h>
#include <sys/select.h>
#include <sys/socket.h>
#include <sys/time.h>
#include <sys/uio.h>
#include <time.h>
#include <fcntl.h>
#include <unistd.h>

int main(int argc, char** argv)
{
  (void)argv;
#ifndef CloseSocket
  return ((int*)(&CloseSocket))[argc];
#else
  (void)argc;
  return 0;
#endif
}
Determining if the inet_net_pton exist failed with the following output:
Change Dir: /root/webpack-mdns/CMakeFiles/CMakeTmp

Run Build Command(s):/usr/bin/make cmTC_58c60/fast && make[1]: Entering directory '/root/webpack-mdns/CMakeFiles/CMakeTmp'
/usr/bin/make -f CMakeFiles/cmTC_58c60.dir/build.make CMakeFiles/cmTC_58c60.dir/build
make[2]: Entering directory '/root/webpack-mdns/CMakeFiles/CMakeTmp'
Building C object CMakeFiles/cmTC_58c60.dir/CheckSymbolExists.c.o
/usr/bin/cc -D_GNU_SOURCE -D_POSIX_C_SOURCE=199309L -D_XOPEN_SOURCE=600  -fPIE   -o CMakeFiles/cmTC_58c60.dir/CheckSymbolExists.c.o   -c /root/webpack-mdns/CMakeFiles/CMakeTmp/CheckSymbolExists.c
Linking C executable cmTC_58c60
/usr/bin/cmake -E cmake_link_script CMakeFiles/cmTC_58c60.dir/link.txt --verbose=1
/usr/bin/cc       -rdynamic CMakeFiles/cmTC_58c60.dir/CheckSymbolExists.c.o  -o cmTC_58c60  -lnsl -lrt 
/usr/bin/ld: CMakeFiles/cmTC_58c60.dir/CheckSymbolExists.c.o: in function `main':
CheckSymbolExists.c:(.text+0x1f): undefined reference to `inet_net_pton'
collect2: error: ld returned 1 exit status
make[2]: *** [CMakeFiles/cmTC_58c60.dir/build.make:87: cmTC_58c60] Error 1
make[2]: Leaving directory '/root/webpack-mdns/CMakeFiles/CMakeTmp'
make[1]: *** [Makefile:121: cmTC_58c60/fast] Error 2
make[1]: Leaving directory '/root/webpack-mdns/CMakeFiles/CMakeTmp'


File /root/webpack-mdns/CMakeFiles/CMakeTmp/CheckSymbolExists.c:
/* */
#include <stdbool.h>
#include <sys/types.h>
#include <arpa/inet.h>
#include <arpa/nameser.h>
#include <netdb.h>
#include <net/if.h>
#include <netinet/in.h>
#include <netinet/tcp.h>
#include <signal.h>
#include <stdlib.h>
#include <string.h>
#include <strings.h>
#include <sys/ioctl.h>
#include <sys/select.h>
#include <sys/socket.h>
#include <sys/time.h>
#include <sys/uio.h>
#include <time.h>
#include <fcntl.h>
#include <unistd.h>

int main(int argc, char** argv)
{
  (void)argv;
#ifndef inet_net_pton
  return ((int*)(&inet_net_pton))[argc];
#else
  (void)argc;
  return 0;
#endif
}
Determining if the ioctlsocket exist failed with the following output:
Change Dir: /root/webpack-mdns/CMakeFiles/CMakeTmp

Run Build Command(s):/usr/bin/make cmTC_53ba6/fast && make[1]: Entering directory '/root/webpack-mdns/CMakeFiles/CMakeTmp'
/usr/bin/make -f CMakeFiles/cmTC_53ba6.dir/build.make CMakeFiles/cmTC_53ba6.dir/build
make[2]: Entering directory '/root/webpack-mdns/CMakeFiles/CMakeTmp'
Building C object CMakeFiles/cmTC_53ba6.dir/CheckSymbolExists.c.o
/usr/bin/cc -D_GNU_SOURCE -D_POSIX_C_SOURCE=199309L -D_XOPEN_SOURCE=600  -fPIE   -o CMakeFiles/cmTC_53ba6.dir/CheckSymbolExists.c.o   -c /root/webpack-mdns/CMakeFiles/CMakeTmp/CheckSymbolExists.c
/root/webpack-mdns/CMakeFiles/CMakeTmp/CheckSymbolExists.c: In function 'main':
/root/webpack-mdns/CMakeFiles/CMakeTmp/CheckSymbolExists.c:27:19: error: 'ioctlsocket' undeclared (first use in this function)
   27 |   return ((int*)(&ioctlsocket))[argc];
      |                   ^~~~~~~~~~~
/root/webpack-mdns/CMakeFiles/CMakeTmp/CheckSymbolExists.c:27:19: note: each undeclared identifier is reported only once for each function it appears in
make[2]: *** [CMakeFiles/cmTC_53ba6.dir/build.make:66: CMakeFiles/cmTC_53ba6.dir/CheckSymbolExists.c.o] Error 1
make[2]: Leaving directory '/root/webpack-mdns/CMakeFiles/CMakeTmp'
make[1]: *** [Makefile:121: cmTC_53ba6/fast] Error 2
make[1]: Leaving directory '/root/webpack-mdns/CMakeFiles/CMakeTmp'


File /root/webpack-mdns/CMakeFiles/CMakeTmp/CheckSymbolExists.c:
/* */
#include <stdbool.h>
#include <sys/types.h>
#include <arpa/inet.h>
#include <arpa/nameser.h>
#include <netdb.h>
#include <net/if.h>
#include <netinet/in.h>
#include <netinet/tcp.h>
#include <signal.h>
#include <stdlib.h>
#include <string.h>
#include <strings.h>
#include <sys/ioctl.h>
#include <sys/select.h>
#include <sys/socket.h>
#include <sys/time.h>
#include <sys/uio.h>
#include <time.h>
#include <fcntl.h>
#include <unistd.h>

int main(int argc, char** argv)
{
  (void)argv;
#ifndef ioctlsocket
  return ((int*)(&ioctlsocket))[argc];
#else
  (void)argc;
  return 0;
#endif
}
Determining if the IoctlSocket exist failed with the following output:
Change Dir: /root/webpack-mdns/CMakeFiles/CMakeTmp

Run Build Command(s):/usr/bin/make cmTC_f28da/fast && make[1]: Entering directory '/root/webpack-mdns/CMakeFiles/CMakeTmp'
/usr/bin/make -f CMakeFiles/cmTC_f28da.dir/build.make CMakeFiles/cmTC_f28da.dir/build
make[2]: Entering directory '/root/webpack-mdns/CMakeFiles/CMakeTmp'
Building C object CMakeFiles/cmTC_f28da.dir/CheckSymbolExists.c.o
/usr/bin/cc -D_GNU_SOURCE -D_POSIX_C_SOURCE=199309L -D_XOPEN_SOURCE=600  -fPIE   -o CMakeFiles/cmTC_f28da.dir/CheckSymbolExists.c.o   -c /root/webpack-mdns/CMakeFiles/CMakeTmp/CheckSymbolExists.c
/root/webpack-mdns/CMakeFiles/CMakeTmp/CheckSymbolExists.c: In function 'main':
/root/webpack-mdns/CMakeFiles/CMakeTmp/CheckSymbolExists.c:27:19: error: 'IoctlSocket' undeclared (first use in this function)
   27 |   return ((int*)(&IoctlSocket))[argc];
      |                   ^~~~~~~~~~~
/root/webpack-mdns/CMakeFiles/CMakeTmp/CheckSymbolExists.c:27:19: note: each undeclared identifier is reported only once for each function it appears in
make[2]: *** [CMakeFiles/cmTC_f28da.dir/build.make:66: CMakeFiles/cmTC_f28da.dir/CheckSymbolExists.c.o] Error 1
make[2]: Leaving directory '/root/webpack-mdns/CMakeFiles/CMakeTmp'
make[1]: *** [Makefile:121: cmTC_f28da/fast] Error 2
make[1]: Leaving directory '/root/webpack-mdns/CMakeFiles/CMakeTmp'


File /root/webpack-mdns/CMakeFiles/CMakeTmp/CheckSymbolExists.c:
/* */
#include <stdbool.h>
#include <sys/types.h>
#include <arpa/inet.h>
#include <arpa/nameser.h>
#include <netdb.h>
#include <net/if.h>
#include <netinet/in.h>
#include <netinet/tcp.h>
#include <signal.h>
#include <stdlib.h>
#include <string.h>
#include <strings.h>
#include <sys/ioctl.h>
#include <sys/select.h>
#include <sys/socket.h>
#include <sys/time.h>
#include <sys/uio.h>
#include <time.h>
#include <fcntl.h>
#include <unistd.h>

int main(int argc, char** argv)
{
  (void)argv;
#ifndef IoctlSocket
  return ((int*)(&IoctlSocket))[argc];
#else
  (void)argc;
  return 0;
#endif
}
Determining if the strcmpi exist failed with the following output:
Change Dir: /root/webpack-mdns/CMakeFiles/CMakeTmp

Run Build Command(s):/usr/bin/make cmTC_fa50d/fast && make[1]: Entering directory '/root/webpack-mdns/CMakeFiles/CMakeTmp'
/usr/bin/make -f CMakeFiles/cmTC_fa50d.dir/build.make CMakeFiles/cmTC_fa50d.dir/build
make[2]: Entering directory '/root/webpack-mdns/CMakeFiles/CMakeTmp'
Building C object CMakeFiles/cmTC_fa50d.dir/CheckSymbolExists.c.o
/usr/bin/cc -D_GNU_SOURCE -D_POSIX_C_SOURCE=199309L -D_XOPEN_SOURCE=600  -fPIE   -o CMakeFiles/cmTC_fa50d.dir/CheckSymbolExists.c.o   -c /root/webpack-mdns/CMakeFiles/CMakeTmp/CheckSymbolExists.c
/root/webpack-mdns/CMakeFiles/CMakeTmp/CheckSymbolExists.c: In function 'main':
/root/webpack-mdns/CMakeFiles/CMakeTmp/CheckSymbolExists.c:27:19: error: 'strcmpi' undeclared (first use in this function); did you mean 'strcmp'?
   27 |   return ((int*)(&strcmpi))[argc];
      |                   ^~~~~~~
      |                   strcmp
/root/webpack-mdns/CMakeFiles/CMakeTmp/CheckSymbolExists.c:27:19: note: each undeclared identifier is reported only once for each function it appears in
make[2]: *** [CMakeFiles/cmTC_fa50d.dir/build.make:66: CMakeFiles/cmTC_fa50d.dir/CheckSymbolExists.c.o] Error 1
make[2]: Leaving directory '/root/webpack-mdns/CMakeFiles/CMakeTmp'
make[1]: *** [Makefile:121: cmTC_fa50d/fast] Error 2
make[1]: Leaving directory '/root/webpack-mdns/CMakeFiles/CMakeTmp'


File /root/webpack-mdns/CMakeFiles/CMakeTmp/CheckSymbolExists.c:
/* */
#include <stdbool.h>
#include <sys/types.h>
#include <arpa/inet.h>
#include <arpa/nameser.h>
#include <netdb.h>
#include <net/if.h>
#include <netinet/in.h>
#include <netinet/tcp.h>
#include <signal.h>
#include <stdlib.h>
#include <string.h>
#include <strings.h>
#include <sys/ioctl.h>
#include <sys/select.h>
#include <sys/socket.h>
#include <sys/time.h>
#include <sys/uio.h>
#include <time.h>
#include <fcntl.h>
#include <unistd.h>

int main(int argc, char** argv)
{
  (void)argv;
#ifndef strcmpi
  return ((int*)(&strcmpi))[argc];
#else
  (void)argc;
  return 0;
#endif
}
Determining if the stricmp exist failed with the following output:
Change Dir: /root/webpack-mdns/CMakeFiles/CMakeTmp

Run Build Command(s):/usr/bin/make cmTC_fe97e/fast && make[1]: Entering directory '/root/webpack-mdns/CMakeFiles/CMakeTmp'
/usr/bin/make -f CMakeFiles/cmTC_fe97e.dir/build.make CMakeFiles/cmTC_fe97e.dir/build
make[2]: Entering directory '/root/webpack-mdns/CMakeFiles/CMakeTmp'
Building C object CMakeFiles/cmTC_fe97e.dir/CheckSymbolExists.c.o
/usr/bin/cc -D_GNU_SOURCE -D_POSIX_C_SOURCE=199309L -D_XOPEN_SOURCE=600  -fPIE   -o CMakeFiles/cmTC_fe97e.dir/CheckSymbolExists.c.o   -c /root/webpack-mdns/CMakeFiles/CMakeTmp/CheckSymbolExists.c
/root/webpack-mdns/CMakeFiles/CMakeTmp/CheckSymbolExists.c: In function 'main':
/root/webpack-mdns/CMakeFiles/CMakeTmp/CheckSymbolExists.c:27:19: error: 'stricmp' undeclared (first use in this function); did you mean 'strncmp'?
   27 |   return ((int*)(&stricmp))[argc];
      |                   ^~~~~~~
      |                   strncmp
/root/webpack-mdns/CMakeFiles/CMakeTmp/CheckSymbolExists.c:27:19: note: each undeclared identifier is reported only once for each function it appears in
make[2]: *** [CMakeFiles/cmTC_fe97e.dir/build.make:66: CMakeFiles/cmTC_fe97e.dir/CheckSymbolExists.c.o] Error 1
make[2]: Leaving directory '/root/webpack-mdns/CMakeFiles/CMakeTmp'
make[1]: *** [Makefile:121: cmTC_fe97e/fast] Error 2
make[1]: Leaving directory '/root/webpack-mdns/CMakeFiles/CMakeTmp'


File /root/webpack-mdns/CMakeFiles/CMakeTmp/CheckSymbolExists.c:
/* */
#include <stdbool.h>
#include <sys/types.h>
#include <arpa/inet.h>
#include <arpa/nameser.h>
#include <netdb.h>
#include <net/if.h>
#include <netinet/in.h>
#include <netinet/tcp.h>
#include <signal.h>
#include <stdlib.h>
#include <string.h>
#include <strings.h>
#include <sys/ioctl.h>
#include <sys/select.h>
#include <sys/socket.h>
#include <sys/time.h>
#include <sys/uio.h>
#include <time.h>
#include <fcntl.h>
#include <unistd.h>

int main(int argc, char** argv)
{
  (void)argv;
#ifndef stricmp
  return ((int*)(&stricmp))[argc];
#else
  (void)argc;
  return 0;
#endif
}
Determining if the strncmpi exist failed with the following output:
Change Dir: /root/webpack-mdns/CMakeFiles/CMakeTmp

Run Build Command(s):/usr/bin/make cmTC_94cfd/fast && make[1]: Entering directory '/root/webpack-mdns/CMakeFiles/CMakeTmp'
/usr/bin/make -f CMakeFiles/cmTC_94cfd.dir/build.make CMakeFiles/cmTC_94cfd.dir/build
make[2]: Entering directory '/root/webpack-mdns/CMakeFiles/CMakeTmp'
Building C object CMakeFiles/cmTC_94cfd.dir/CheckSymbolExists.c.o
/usr/bin/cc -D_GNU_SOURCE -D_POSIX_C_SOURCE=199309L -D_XOPEN_SOURCE=600  -fPIE   -o CMakeFiles/cmTC_94cfd.dir/CheckSymbolExists.c.o   -c /root/webpack-mdns/CMakeFiles/CMakeTmp/CheckSymbolExists.c
/root/webpack-mdns/CMakeFiles/CMakeTmp/CheckSymbolExists.c: In function 'main':
/root/webpack-mdns/CMakeFiles/CMakeTmp/CheckSymbolExists.c:27:19: error: 'strncmpi' undeclared (first use in this function); did you mean 'strncmp'?
   27 |   return ((int*)(&strncmpi))[argc];
      |                   ^~~~~~~~
      |                   strncmp
/root/webpack-mdns/CMakeFiles/CMakeTmp/CheckSymbolExists.c:27:19: note: each undeclared identifier is reported only once for each function it appears in
make[2]: *** [CMakeFiles/cmTC_94cfd.dir/build.make:66: CMakeFiles/cmTC_94cfd.dir/CheckSymbolExists.c.o] Error 1
make[2]: Leaving directory '/root/webpack-mdns/CMakeFiles/CMakeTmp'
make[1]: *** [Makefile:121: cmTC_94cfd/fast] Error 2
make[1]: Leaving directory '/root/webpack-mdns/CMakeFiles/CMakeTmp'


File /root/webpack-mdns/CMakeFiles/CMakeTmp/CheckSymbolExists.c:
/* */
#include <stdbool.h>
#include <sys/types.h>
#include <arpa/inet.h>
#include <arpa/nameser.h>
#include <netdb.h>
#include <net/if.h>
#include <netinet/in.h>
#include <netinet/tcp.h>
#include <signal.h>
#include <stdlib.h>
#include <string.h>
#include <strings.h>
#include <sys/ioctl.h>
#include <sys/select.h>
#include <sys/socket.h>
#include <sys/time.h>
#include <sys/uio.h>
#include <time.h>
#include <fcntl.h>
#include <unistd.h>

int main(int argc, char** argv)
{
  (void)argv;
#ifndef strncmpi
  return ((int*)(&strncmpi))[argc];
#else
  (void)argc;
  return 0;
#endif
}
Determining if the strnicmp exist failed with the following output:
Change Dir: /root/webpack-mdns/CMakeFiles/CMakeTmp

Run Build Command(s):/usr/bin/make cmTC_62005/fast && make[1]: Entering directory '/root/webpack-mdns/CMakeFiles/CMakeTmp'
/usr/bin/make -f CMakeFiles/cmTC_62005.dir/build.make CMakeFiles/cmTC_62005.dir/build
make[2]: Entering directory '/root/webpack-mdns/CMakeFiles/CMakeTmp'
Building C object CMakeFiles/cmTC_62005.dir/CheckSymbolExists.c.o
/usr/bin/cc -D_GNU_SOURCE -D_POSIX_C_SOURCE=199309L -D_XOPEN_SOURCE=600  -fPIE   -o CMakeFiles/cmTC_62005.dir/CheckSymbolExists.c.o   -c /root/webpack-mdns/CMakeFiles/CMakeTmp/CheckSymbolExists.c
/root/webpack-mdns/CMakeFiles/CMakeTmp/CheckSymbolExists.c: In function 'main':
/root/webpack-mdns/CMakeFiles/CMakeTmp/CheckSymbolExists.c:27:19: error: 'strnicmp' undeclared (first use in this function); did you mean 'strncmp'?
   27 |   return ((int*)(&strnicmp))[argc];
      |                   ^~~~~~~~
      |                   strncmp
/root/webpack-mdns/CMakeFiles/CMakeTmp/CheckSymbolExists.c:27:19: note: each undeclared identifier is reported only once for each function it appears in
make[2]: *** [CMakeFiles/cmTC_62005.dir/build.make:66: CMakeFiles/cmTC_62005.dir/CheckSymbolExists.c.o] Error 1
make[2]: Leaving directory '/root/webpack-mdns/CMakeFiles/CMakeTmp'
make[1]: *** [Makefile:121: cmTC_62005/fast] Error 2
make[1]: Leaving directory '/root/webpack-mdns/CMakeFiles/CMakeTmp'


File /root/webpack-mdns/CMakeFiles/CMakeTmp/CheckSymbolExists.c:
/* */
#include <stdbool.h>
#include <sys/types.h>
#include <arpa/inet.h>
#include <arpa/nameser.h>
#include <netdb.h>
#include <net/if.h>
#include <netinet/in.h>
#include <netinet/tcp.h>
#include <signal.h>
#include <stdlib.h>
#include <string.h>
#include <strings.h>
#include <sys/ioctl.h>
#include <sys/select.h>
#include <sys/socket.h>
#include <sys/time.h>
#include <sys/uio.h>
#include <time.h>
#include <fcntl.h>
#include <unistd.h>

int main(int argc, char** argv)
{
  (void)argv;
#ifndef strnicmp
  return ((int*)(&strnicmp))[argc];
#else
  (void)argc;
  return 0;
#endif
}
Determining if the function __system_property_get exists failed with the following output:
Change Dir: /root/webpack-mdns/CMakeFiles/CMakeTmp

Run Build Command(s):/usr/bin/make cmTC_cf3e8/fast && make[1]: Entering directory '/root/webpack-mdns/CMakeFiles/CMakeTmp'
/usr/bin/make -f CMakeFiles/cmTC_cf3e8.dir/build.make CMakeFiles/cmTC_cf3e8.dir/build
make[2]: Entering directory '/root/webpack-mdns/CMakeFiles/CMakeTmp'
Building C object CMakeFiles/cmTC_cf3e8.dir/CheckFunctionExists.c.o
/usr/bin/cc -D_GNU_SOURCE -D_POSIX_C_SOURCE=199309L -D_XOPEN_SOURCE=600  -DCHECK_FUNCTION_EXISTS=__system_property_get -fPIE   -o CMakeFiles/cmTC_cf3e8.dir/CheckFunctionExists.c.o   -c /usr/share/cmake-3.16/Modules/CheckFunctionExists.c
Linking C executable cmTC_cf3e8
/usr/bin/cmake -E cmake_link_script CMakeFiles/cmTC_cf3e8.dir/link.txt --verbose=1
/usr/bin/cc   -DCHECK_FUNCTION_EXISTS=__system_property_get    -rdynamic CMakeFiles/cmTC_cf3e8.dir/CheckFunctionExists.c.o  -o cmTC_cf3e8  -lnsl -lrt 
/usr/bin/ld: CMakeFiles/cmTC_cf3e8.dir/CheckFunctionExists.c.o: in function `main':
CheckFunctionExists.c:(.text+0x14): undefined reference to `__system_property_get'
collect2: error: ld returned 1 exit status
make[2]: *** [CMakeFiles/cmTC_cf3e8.dir/build.make:87: cmTC_cf3e8] Error 1
make[2]: Leaving directory '/root/webpack-mdns/CMakeFiles/CMakeTmp'
make[1]: *** [Makefile:121: cmTC_cf3e8/fast] Error 2
make[1]: Leaving directory '/root/webpack-mdns/CMakeFiles/CMakeTmp'



